info login Logged in
info login Request to reconnect
info login Request to pull 1
info login Request to pull 2
info login Request to thread_sync
info login Done logging in.
Waiting for message

/times
Request to show leaderboard

1. Anthony Ma @ 0:20

2. Madeline Finnegan @ 0:20

3. Namrita Murali @ 0:22

4. Raymond Miao @ 0:23

5. Katelyn Yu @ 0:23

6. Amrit Ayalur @ 0:23

7. Siyang Sun @ 0:29

8. Eddie Honig @ 0:33

9. Max Tucker @ 0:36

10. Alexander Wu @ 0:39

11. Harrison Nguyen @ 0:46

12. Alex Wang @ 0:54

13. Shashank Bhargava @ 1:05

info login Logged in
info login Request to reconnect
info login Request to pull 1
info login Request to pull 2
info login Request to thread_sync
info login Done logging in.
Waiting for message

/times
Request to show leaderboard

1. Anthony Ma @ 0:20

2. Madeline Finnegan @ 0:20

3. Namrita Murali @ 0:22

4. Raymond Miao @ 0:23

5. Katelyn Yu @ 0:23

6. Amrit Ayalur @ 0:23

7. Siyang Sun @ 0:29

8. Eddie Honig @ 0:33

9. Max Tucker @ 0:36

10. Alexander Wu @ 0:39

11. Harrison Nguyen @ 0:46

12. Alex Wang @ 0:54

13. Shashank Bhargava @ 1:05

/times
Request to show leaderboard

1. Anthony Ma @ 0:20

2. Madeline Finnegan @ 0:20

3. Namrita Murali @ 0:22

4. Raymond Miao @ 0:23

5. Katelyn Yu @ 0:23

6. Amrit Ayalur @ 0:23

7. Siyang Sun @ 0:29

8. Eddie Honig @ 0:33

9. Max Tucker @ 0:36

10. Alexander Wu @ 0:39

11. Harrison Nguyen @ 0:46

12. Alex Wang @ 0:54

13. Shashank Bhargava @ 1:05

sorry i was restarting it
/times
Request to show leaderboard

1. Anthony Ma @ 0:20

2. Madeline Finnegan @ 0:20

3. Namrita Murali @ 0:22

4. Raymond Miao @ 0:23

5. Katelyn Yu @ 0:23

6. Amrit Ayalur @ 0:23

7. Siyang Sun @ 0:29

8. Eddie Honig @ 0:33

9. Max Tucker @ 0:36

10. Alexander Wu @ 0:39

11. Harrison Nguyen @ 0:46

12. Alex Wang @ 0:54

13. Shashank Bhargava @ 1:05

046
seconds: 46
46
Anthony Xue
0:46
/times
Request to show leaderboard

1. Anthony Ma @ 0:20

2. Madeline Finnegan @ 0:20

3. Namrita Murali @ 0:22

4. Raymond Miao @ 0:23

5. Katelyn Yu @ 0:23

6. Amrit Ayalur @ 0:23

7. Siyang Sun @ 0:29

8. Eddie Honig @ 0:33

9. Max Tucker @ 0:36

10. Alexander Wu @ 0:39

11. Harrison Nguyen @ 0:46

12. Anthony Xue @ 0:46

13. Alex Wang @ 0:54

14. Shashank Bhargava @ 1:05

request: /tonymasucks -> removes him from scoreboard
Denied
138
seconds: 38
98
Seohyun Sonia Kim
1:38
1. Anthony Ma @ 0:20

2. Madeline Finnegan @ 0:20

3. Namrita Murali @ 0:22

4. Raymond Miao @ 0:23

5. Katelyn Yu @ 0:23

6. Amrit Ayalur @ 0:23

7. Siyang Sun @ 0:29

8. Eddie Honig @ 0:33

9. Max Tucker @ 0:36

10. Alexander Wu @ 0:39

11. Harrison Nguyen @ 0:46

12. Anthony Xue @ 0:46

13. Alex Wang @ 0:54

14. Shashank Bhargava @ 1:05

15. Seohyun Sonia Kim @ 1:38

clearing time dictionary
129
Received invalid time

/times
Request to show leaderboard

scoreboard opens at 8pm pacific and closes at 9am pacific
Received invalid time

4am pacific
Received invalid time

032
Received invalid time

/times
Request to show leaderboard

/help
Request to show help screen

Received invalid time

/help
Request to show help screen

Received invalid time

what about '123 '
Received invalid time

'123'
Received invalid time

/times
Request to show leaderboard

/times Robert'); DROP TABLE students;--
/help
Request to show help screen

/times
Request to show leaderboard

/reportcheater Anthony Xue
we put on another server which in GMT lols
wtf
/times
Request to show leaderboard

